<?xml version="1.0" encoding="UTF-8"?>
<!-- Generated by org.testng.reporters.JUnitReportReporter -->
<testsuite hostname="seebeal" failures="0" tests="1" name="myproject" time="0.989" errors="0" timestamp="2024-10-07T22:41:04 EET" skipped="0">
  <testcase classname="myproject" name="login" time="0.989"/>
  <system-out/>
</testsuite> <!-- myproject -->
